<?xml version="1.0" encoding="UTF-8"?>
<testsuite name="ScoreCollectionTest" tests="1" skipped="0" failures="0" errors="0" timestamp="2019-10-31T09:33:28" hostname="CRS-P-60" time="0.013">
  <properties/>
  <testcase name="answersArithmeticMeanOfTwoNumbers" classname="ScoreCollectionTest" time="0.013"/>
  <system-out><![CDATA[]]></system-out>
  <system-err><![CDATA[]]></system-err>
</testsuite>
